0 info it worked if it ends with ok
1 verbose cli [ 'C:\\Program Files\\nodejs\\node.exe',
1 verbose cli   'C:\\Program Files\\nodejs\\node_modules\\npm\\bin\\npm-cli.js',
1 verbose cli   'install',
1 verbose cli   '-g',
1 verbose cli   'n' ]
2 info using npm@2.14.12
3 info using node@v4.3.0
4 verbose install initial load of C:\Users\The Joker\AppData\Roaming\npm\package.json
5 verbose readDependencies loading dependencies from C:\Users\The Joker\AppData\Roaming\npm\package.json
6 silly cache add args [ 'n', null ]
7 verbose cache add spec n
8 silly cache add parsed spec Result {
8 silly cache add   raw: 'n',
8 silly cache add   scope: null,
8 silly cache add   name: 'n',
8 silly cache add   rawSpec: '',
8 silly cache add   spec: 'latest',
8 silly cache add   type: 'tag' }
9 silly addNamed n@latest
10 verbose addNamed "latest" is being treated as a dist-tag for n
11 info addNameTag [ 'n', 'latest' ]
12 silly mapToRegistry name n
13 silly mapToRegistry using default registry
14 silly mapToRegistry registry https://registry.npmjs.org/
15 silly mapToRegistry uri https://registry.npmjs.org/n
16 verbose addNameTag registry:https://registry.npmjs.org/n not in flight; fetching
17 verbose request uri https://registry.npmjs.org/n
18 verbose request no auth needed
19 info attempt registry request try #1 at 16:49:24
20 verbose request id 6b2ae97cee9bf5ff
21 http request GET https://registry.npmjs.org/n
22 http 200 https://registry.npmjs.org/n
23 verbose headers { server: 'CouchDB/1.5.0 (Erlang OTP/R16B03)',
23 verbose headers   etag: '"39UI3LQWJ45QY7CBUDPX88UI"',
23 verbose headers   'content-type': 'application/json',
23 verbose headers   'cache-control': 'max-age=300',
23 verbose headers   'content-length': '55867',
23 verbose headers   'accept-ranges': 'bytes',
23 verbose headers   date: 'Mon, 29 Feb 2016 15:49:50 GMT',
23 verbose headers   via: '1.1 varnish',
23 verbose headers   age: '161',
23 verbose headers   connection: 'keep-alive',
23 verbose headers   'x-served-by': 'cache-lhr6335-LHR',
23 verbose headers   'x-cache': 'HIT',
23 verbose headers   'x-cache-hits': '1',
23 verbose headers   'x-timer': 'S1456760990.381523,VS0,VE0',
23 verbose headers   vary: 'Accept' }
24 silly get cb [ 200,
24 silly get   { server: 'CouchDB/1.5.0 (Erlang OTP/R16B03)',
24 silly get     etag: '"39UI3LQWJ45QY7CBUDPX88UI"',
24 silly get     'content-type': 'application/json',
24 silly get     'cache-control': 'max-age=300',
24 silly get     'content-length': '55867',
24 silly get     'accept-ranges': 'bytes',
24 silly get     date: 'Mon, 29 Feb 2016 15:49:50 GMT',
24 silly get     via: '1.1 varnish',
24 silly get     age: '161',
24 silly get     connection: 'keep-alive',
24 silly get     'x-served-by': 'cache-lhr6335-LHR',
24 silly get     'x-cache': 'HIT',
24 silly get     'x-cache-hits': '1',
24 silly get     'x-timer': 'S1456760990.381523,VS0,VE0',
24 silly get     vary: 'Accept' } ]
25 verbose get saving n to C:\Users\The Joker\AppData\Roaming\npm-cache\registry.npmjs.org\n\.cache.json
26 verbose makeDirectory C:\Users\The Joker\AppData\Roaming\npm-cache creation not in flight; initializing
27 verbose makeCacheDir UID & GID are irrelevant on win32
28 silly addNameTag next cb for n with tag latest
29 silly addNamed n@2.1.0
30 verbose addNamed "2.1.0" is a plain semver version for n
31 silly mapToRegistry name n
32 silly mapToRegistry using default registry
33 silly mapToRegistry registry https://registry.npmjs.org/
34 silly mapToRegistry uri https://registry.npmjs.org/n
35 verbose addRemoteTarball https://registry.npmjs.org/n/-/n-2.1.0.tgz not in flight; adding
36 verbose addRemoteTarball [ 'https://registry.npmjs.org/n/-/n-2.1.0.tgz',
36 verbose addRemoteTarball   '4fc736dc18291e464c79fda9ef8faf21e6e1a679' ]
37 info retry fetch attempt 1 at 16:49:25
38 info attempt registry request try #1 at 16:49:25
39 http fetch GET https://registry.npmjs.org/n/-/n-2.1.0.tgz
40 http fetch 200 https://registry.npmjs.org/n/-/n-2.1.0.tgz
41 silly fetchAndShaCheck shasum 4fc736dc18291e464c79fda9ef8faf21e6e1a679
42 verbose addTmpTarball C:\Users\THEJOK~1\AppData\Local\Temp\npm-5980-f257f905\registry.npmjs.org\n\-\n-2.1.0.tgz not in flight; adding
43 verbose addTmpTarball already have metadata; skipping unpack for n@2.1.0
44 silly cache afterAdd n@2.1.0
45 verbose afterAdd C:\Users\The Joker\AppData\Roaming\npm-cache\n\2.1.0\package\package.json not in flight; writing
46 verbose afterAdd C:\Users\The Joker\AppData\Roaming\npm-cache\n\2.1.0\package\package.json written
47 silly install resolved [ { name: 'n',
47 silly install resolved     description: 'Interactively Manage All Your Node Versions',
47 silly install resolved     version: '2.1.0',
47 silly install resolved     author: { name: 'TJ Holowaychuk', email: 'tj@vision-media.ca' },
47 silly install resolved     homepage: 'https://github.com/tj/n',
47 silly install resolved     bugs: { url: 'https://github.com/tj/n/issues' },
47 silly install resolved     contributors: [ [Object], [Object], [Object] ],
47 silly install resolved     keywords:
47 silly install resolved      [ 'nvm',
47 silly install resolved        'node',
47 silly install resolved        'version',
47 silly install resolved        'manager',
47 silly install resolved        'switcher',
47 silly install resolved        'node',
47 silly install resolved        'binary',
47 silly install resolved        'env' ],
47 silly install resolved     bin: { n: './bin/n' },
47 silly install resolved     repository: { type: 'git', url: 'git://github.com/tj/n.git' },
47 silly install resolved     preferGlobal: true,
47 silly install resolved     os: [ '!win32' ],
47 silly install resolved     engines: { node: '*' },
47 silly install resolved     license: 'MIT',
47 silly install resolved     gitHead: '17ef0bf936c9ddb57b174d79f81ae04d8257883e',
47 silly install resolved     _id: 'n@2.1.0',
47 silly install resolved     scripts: {},
47 silly install resolved     _shasum: '4fc736dc18291e464c79fda9ef8faf21e6e1a679',
47 silly install resolved     _from: 'n@latest',
47 silly install resolved     _npmVersion: '3.3.12',
47 silly install resolved     _nodeVersion: '5.3.0',
47 silly install resolved     _npmUser: { name: 'qw3rtman', email: 'me@nimit.io' },
47 silly install resolved     dist:
47 silly install resolved      { shasum: '4fc736dc18291e464c79fda9ef8faf21e6e1a679',
47 silly install resolved        tarball: 'http://registry.npmjs.org/n/-/n-2.1.0.tgz' },
47 silly install resolved     maintainers: [ [Object], [Object], [Object], [Object], [Object], [Object] ],
47 silly install resolved     directories: {},
47 silly install resolved     _resolved: 'https://registry.npmjs.org/n/-/n-2.1.0.tgz' } ]
48 info install n@2.1.0 into C:\Users\The Joker\AppData\Roaming\npm
49 info installOne n@2.1.0
50 verbose installOne of n to C:\Users\The Joker\AppData\Roaming\npm not in flight; installing
51 verbose makeDirectory C:\Users\The Joker\AppData\Roaming\npm-cache\_locks creation not in flight; initializing
52 verbose makeCacheDir UID & GID are irrelevant on win32
53 verbose lock using C:\Users\The Joker\AppData\Roaming\npm-cache\_locks\n-39cc4f834bbfa00b.lock for C:\Users\The Joker\AppData\Roaming\npm\node_modules\n
54 verbose unlock done using C:\Users\The Joker\AppData\Roaming\npm-cache\_locks\n-39cc4f834bbfa00b.lock for C:\Users\The Joker\AppData\Roaming\npm\node_modules\n
55 verbose stack Error: Unsupported
55 verbose stack     at checkPlatform (C:\Program Files\nodejs\node_modules\npm\node_modules\npm-install-checks\index.js:47:14)
55 verbose stack     at Array.<anonymous> (C:\Program Files\nodejs\node_modules\npm\node_modules\slide\lib\bind-actor.js:15:8)
55 verbose stack     at LOOP (C:\Program Files\nodejs\node_modules\npm\node_modules\slide\lib\chain.js:15:14)
55 verbose stack     at C:\Program Files\nodejs\node_modules\npm\node_modules\slide\lib\chain.js:18:7
55 verbose stack     at checkEngine (C:\Program Files\nodejs\node_modules\npm\node_modules\npm-install-checks\index.js:26:10)
55 verbose stack     at Array.<anonymous> (C:\Program Files\nodejs\node_modules\npm\node_modules\slide\lib\bind-actor.js:15:8)
55 verbose stack     at LOOP (C:\Program Files\nodejs\node_modules\npm\node_modules\slide\lib\chain.js:15:14)
55 verbose stack     at chain (C:\Program Files\nodejs\node_modules\npm\node_modules\slide\lib\chain.js:20:5)
55 verbose stack     at C:\Program Files\nodejs\node_modules\npm\lib\install.js:1038:5
55 verbose stack     at C:\Program Files\nodejs\node_modules\npm\lib\utils\locker.js:39:7
56 verbose pkgid n@2.1.0
57 verbose cwd C:\Ionic\LoginIonic
58 error Windows_NT 6.1.7601
59 error argv "C:\\Program Files\\nodejs\\node.exe" "C:\\Program Files\\nodejs\\node_modules\\npm\\bin\\npm-cli.js" "install" "-g" "n"
60 error node v4.3.0
61 error npm  v2.14.12
62 error code EBADPLATFORM
63 error notsup Unsupported
63 error notsup Not compatible with your operating system or architecture: n@2.1.0
63 error notsup Valid OS:    !win32
63 error notsup Valid Arch:  any
63 error notsup Actual OS:   win32
63 error notsup Actual Arch: x64
64 verbose exit [ 1, true ]
